<?xml version="1.0" encoding="UTF-8"?>
<!-- Generated by org.testng.reporters.JUnitXMLReporter -->
<testsuite ignored="0" hostname="BOOK-DA60ANED4E" failures="0" tests="3" name="Default test" time="30.415" errors="0" timestamp="2023-12-24T19:49:54 CST">
  <testcase classname="com.tutorialsninja.qa.TestCase.NavigateToWebsiteConfirm_Test" name="navigateToWebsiteConfirm" time="0.023"/>
  <testcase classname="com.tutorialsninja.qa.TestCase.NavigateToWebsiteConfirm_Test" name="newPageValidatio" time="0.34"/>
  <testcase classname="com.tutorialsninja.qa.TestCase.NavigateToWebsiteConfirm_Test" name="navigateNewPageAndVerifyElements" time="11.29"/>
</testsuite> <!-- Default test -->
